2019-11-12 11:03:35,124 INFO 78871 [egg:logger] init all loggers with options: {"dir":"/Users/tianya/Documents/kongyeah/dust/logs","encoding":"utf8","env":"local","level":"INFO","consoleLevel":"DEBUG","disableConsoleAfterReady":false,"outputJSON":false,"buffer":true,"appLogName":"dust-web.log","coreLogName":"egg-web.log","agentLogName":"egg-agent.log","errorLogName":"common-error.log","coreLogger":{"consoleLevel":"WARN"},"allowDebugAtProd":false,"type":"application"}
2019-11-12 11:03:35,157 INFO 78871 [egg-multipart] stream mode enable
2019-11-12 11:03:35,312 INFO 78871 [egg-static] starting static serve /public/ -> /Users/tianya/Documents/kongyeah/dust/public
2019-11-12 11:03:35,315 INFO 78871 [egg-security] use csrf middleware
2019-11-12 11:03:35,316 INFO 78871 [egg-security] use methodnoallow middleware
2019-11-12 11:03:35,317 INFO 78871 [egg-security] use noopen middleware
2019-11-12 11:03:35,318 INFO 78871 [egg-security] use nosniff middleware
2019-11-12 11:03:35,319 INFO 78871 [egg-security] use xssProtection middleware
2019-11-12 11:03:35,320 INFO 78871 [egg-security] use xframe middleware
2019-11-12 11:03:35,321 INFO 78871 [egg-security] use dta middleware
2019-11-12 11:03:35,321 INFO 78871 [egg-security] compose 7 middlewares into one security middleware
2019-11-12 11:03:35,361 INFO 78871 [egg:core] dump config after load, 5ms
2019-11-12 11:03:35,376 INFO 78871 [egg-watcher:application] watcher start success
2019-11-12 11:03:35,386 INFO 78871 [egg:core] dump config after ready, 7ms
2019-11-12 11:31:18,896 INFO 79673 [egg:logger] init all loggers with options: {"dir":"/Users/tianya/Documents/kongyeah/dust/logs","encoding":"utf8","env":"local","level":"INFO","consoleLevel":"DEBUG","disableConsoleAfterReady":false,"outputJSON":false,"buffer":true,"appLogName":"dust-web.log","coreLogName":"egg-web.log","agentLogName":"egg-agent.log","errorLogName":"common-error.log","coreLogger":{"consoleLevel":"WARN"},"allowDebugAtProd":false,"type":"application"}
2019-11-12 11:31:18,920 INFO 79673 [egg-multipart] stream mode enable
2019-11-12 11:31:18,978 INFO 79673 [egg-static] starting static serve /public/ -> /Users/tianya/Documents/kongyeah/dust/public
2019-11-12 11:31:18,980 INFO 79673 [egg-security] use csrf middleware
2019-11-12 11:31:18,981 INFO 79673 [egg-security] use methodnoallow middleware
2019-11-12 11:31:18,982 INFO 79673 [egg-security] use noopen middleware
2019-11-12 11:31:18,982 INFO 79673 [egg-security] use nosniff middleware
2019-11-12 11:31:18,983 INFO 79673 [egg-security] use xssProtection middleware
2019-11-12 11:31:18,984 INFO 79673 [egg-security] use xframe middleware
2019-11-12 11:31:18,984 INFO 79673 [egg-security] use dta middleware
2019-11-12 11:31:18,984 INFO 79673 [egg-security] compose 7 middlewares into one security middleware
2019-11-12 11:31:20,847 INFO 79673 [egg:core] dump config after load, 6ms
2019-11-12 11:31:20,865 INFO 79673 [egg-watcher:application] watcher start success
2019-11-12 11:31:20,875 INFO 79673 [egg:core] dump config after ready, 8ms
2019-11-12 11:35:47,953 INFO 79862 [egg:logger] init all loggers with options: {"dir":"/Users/tianya/Documents/kongyeah/dust/logs","encoding":"utf8","env":"local","level":"INFO","consoleLevel":"DEBUG","disableConsoleAfterReady":false,"outputJSON":false,"buffer":true,"appLogName":"dust-web.log","coreLogName":"egg-web.log","agentLogName":"egg-agent.log","errorLogName":"common-error.log","coreLogger":{"consoleLevel":"WARN"},"allowDebugAtProd":false,"type":"application"}
2019-11-12 11:35:47,977 INFO 79862 [egg-multipart] stream mode enable
2019-11-12 11:35:48,065 INFO 79862 [egg-static] starting static serve /public/ -> /Users/tianya/Documents/kongyeah/dust/public
2019-11-12 11:35:48,068 INFO 79862 [egg-security] use csrf middleware
2019-11-12 11:35:48,069 INFO 79862 [egg-security] use methodnoallow middleware
2019-11-12 11:35:48,070 INFO 79862 [egg-security] use noopen middleware
2019-11-12 11:35:48,071 INFO 79862 [egg-security] use nosniff middleware
2019-11-12 11:35:48,072 INFO 79862 [egg-security] use xssProtection middleware
2019-11-12 11:35:48,073 INFO 79862 [egg-security] use xframe middleware
2019-11-12 11:35:48,074 INFO 79862 [egg-security] use dta middleware
2019-11-12 11:35:48,074 INFO 79862 [egg-security] compose 7 middlewares into one security middleware
2019-11-12 11:35:48,089 INFO 79862 [egg:core] dump config after load, 6ms
2019-11-12 11:35:48,112 INFO 79862 [egg-watcher:application] watcher start success
2019-11-12 11:35:48,122 INFO 79862 [egg:core] dump config after ready, 6ms
2019-11-12 11:42:43,487 INFO 80207 [egg:logger] init all loggers with options: {"dir":"/Users/tianya/Documents/kongyeah/dust/logs","encoding":"utf8","env":"local","level":"INFO","consoleLevel":"DEBUG","disableConsoleAfterReady":false,"outputJSON":false,"buffer":true,"appLogName":"dust-web.log","coreLogName":"egg-web.log","agentLogName":"egg-agent.log","errorLogName":"common-error.log","coreLogger":{"consoleLevel":"WARN"},"allowDebugAtProd":false,"type":"application"}
2019-11-12 11:42:43,518 INFO 80207 [egg-multipart] stream mode enable
2019-11-12 11:42:43,601 INFO 80207 [egg-static] starting static serve /public/ -> /Users/tianya/Documents/kongyeah/dust/public
2019-11-12 11:42:43,604 INFO 80207 [egg-security] use csrf middleware
2019-11-12 11:42:43,605 INFO 80207 [egg-security] use methodnoallow middleware
2019-11-12 11:42:43,605 INFO 80207 [egg-security] use noopen middleware
2019-11-12 11:42:43,606 INFO 80207 [egg-security] use nosniff middleware
2019-11-12 11:42:43,607 INFO 80207 [egg-security] use xssProtection middleware
2019-11-12 11:42:43,607 INFO 80207 [egg-security] use xframe middleware
2019-11-12 11:42:43,608 INFO 80207 [egg-security] use dta middleware
2019-11-12 11:42:43,608 INFO 80207 [egg-security] compose 7 middlewares into one security middleware
2019-11-12 11:42:43,629 INFO 80207 [egg:core] dump config after load, 8ms
2019-11-12 11:42:43,663 INFO 80207 [egg-watcher:application] watcher start success
2019-11-12 11:42:43,677 INFO 80207 [egg:core] dump config after ready, 11ms
2019-11-12 11:44:08,356 INFO 80310 [egg:logger] init all loggers with options: {"dir":"/Users/tianya/Documents/kongyeah/dust/logs","encoding":"utf8","env":"local","level":"INFO","consoleLevel":"DEBUG","disableConsoleAfterReady":false,"outputJSON":false,"buffer":true,"appLogName":"dust-web.log","coreLogName":"egg-web.log","agentLogName":"egg-agent.log","errorLogName":"common-error.log","coreLogger":{"consoleLevel":"WARN"},"allowDebugAtProd":false,"type":"application"}
2019-11-12 11:44:08,417 INFO 80310 [egg-multipart] stream mode enable
2019-11-12 11:44:08,531 INFO 80310 [egg-static] starting static serve /public/ -> /Users/tianya/Documents/kongyeah/dust/public
2019-11-12 11:44:08,534 INFO 80310 [egg-security] use csrf middleware
2019-11-12 11:44:08,536 INFO 80310 [egg-security] use methodnoallow middleware
2019-11-12 11:44:08,536 INFO 80310 [egg-security] use noopen middleware
2019-11-12 11:44:08,537 INFO 80310 [egg-security] use nosniff middleware
2019-11-12 11:44:08,538 INFO 80310 [egg-security] use xssProtection middleware
2019-11-12 11:44:08,539 INFO 80310 [egg-security] use xframe middleware
2019-11-12 11:44:08,540 INFO 80310 [egg-security] use dta middleware
2019-11-12 11:44:08,540 INFO 80310 [egg-security] compose 7 middlewares into one security middleware
2019-11-12 11:44:11,146 INFO 80310 [egg:core] dump config after load, 7ms
2019-11-12 11:44:11,173 INFO 80310 [egg-watcher:application] watcher start success
2019-11-12 11:44:11,183 INFO 80310 [egg:core] dump config after ready, 6ms
2019-11-12 11:44:32,575 INFO 80347 [egg:logger] init all loggers with options: {"dir":"/Users/tianya/Documents/kongyeah/dust/logs","encoding":"utf8","env":"local","level":"INFO","consoleLevel":"DEBUG","disableConsoleAfterReady":false,"outputJSON":false,"buffer":true,"appLogName":"dust-web.log","coreLogName":"egg-web.log","agentLogName":"egg-agent.log","errorLogName":"common-error.log","coreLogger":{"consoleLevel":"WARN"},"allowDebugAtProd":false,"type":"application"}
2019-11-12 11:44:32,600 INFO 80347 [egg-multipart] stream mode enable
2019-11-12 11:44:32,685 INFO 80347 [egg-static] starting static serve /public/ -> /Users/tianya/Documents/kongyeah/dust/public
2019-11-12 11:44:32,688 INFO 80347 [egg-security] use csrf middleware
2019-11-12 11:44:32,690 INFO 80347 [egg-security] use methodnoallow middleware
2019-11-12 11:44:32,691 INFO 80347 [egg-security] use noopen middleware
2019-11-12 11:44:32,692 INFO 80347 [egg-security] use nosniff middleware
2019-11-12 11:44:32,693 INFO 80347 [egg-security] use xssProtection middleware
2019-11-12 11:44:32,693 INFO 80347 [egg-security] use xframe middleware
2019-11-12 11:44:32,694 INFO 80347 [egg-security] use dta middleware
2019-11-12 11:44:32,694 INFO 80347 [egg-security] compose 7 middlewares into one security middleware
2019-11-12 11:44:32,712 INFO 80347 [egg:core] dump config after load, 9ms
2019-11-12 11:44:32,737 INFO 80347 [egg-watcher:application] watcher start success
2019-11-12 11:44:32,747 INFO 80347 [egg:core] dump config after ready, 7ms
2019-11-12 11:45:41,273 INFO 80413 [egg:logger] init all loggers with options: {"dir":"/Users/tianya/Documents/kongyeah/dust/logs","encoding":"utf8","env":"local","level":"INFO","consoleLevel":"DEBUG","disableConsoleAfterReady":false,"outputJSON":false,"buffer":true,"appLogName":"dust-web.log","coreLogName":"egg-web.log","agentLogName":"egg-agent.log","errorLogName":"common-error.log","coreLogger":{"consoleLevel":"WARN"},"allowDebugAtProd":false,"type":"application"}
2019-11-12 11:45:41,298 INFO 80413 [egg-multipart] stream mode enable
2019-11-12 11:45:41,380 INFO 80413 [egg-static] starting static serve /public/ -> /Users/tianya/Documents/kongyeah/dust/public
2019-11-12 11:45:41,383 INFO 80413 [egg-security] use csrf middleware
2019-11-12 11:45:41,384 INFO 80413 [egg-security] use methodnoallow middleware
2019-11-12 11:45:41,385 INFO 80413 [egg-security] use noopen middleware
2019-11-12 11:45:41,386 INFO 80413 [egg-security] use nosniff middleware
2019-11-12 11:45:41,386 INFO 80413 [egg-security] use xssProtection middleware
2019-11-12 11:45:41,387 INFO 80413 [egg-security] use xframe middleware
2019-11-12 11:45:41,388 INFO 80413 [egg-security] use dta middleware
2019-11-12 11:45:41,388 INFO 80413 [egg-security] compose 7 middlewares into one security middleware
2019-11-12 11:45:41,402 INFO 80413 [egg:core] dump config after load, 7ms
2019-11-12 11:45:41,426 INFO 80413 [egg-watcher:application] watcher start success
2019-11-12 11:45:41,440 INFO 80413 [egg:core] dump config after ready, 8ms
