2019-11-12 11:03:35,394 INFO 78860 [Timer] /Users/tianya/Documents/kongyeah/dust/node_modules/egg-multipart/app/schedule/clean_tmpdir.js next time will execute after 62784610ms at 2019-11-13 04:30:00.004
2019-11-12 11:03:35,395 INFO 78860 [Timer] /Users/tianya/Documents/kongyeah/dust/node_modules/egg-logrotator/app/schedule/clean_log.js next time will execute after 46584606ms at 2019-11-13 00:00:00.001
2019-11-12 11:03:35,395 INFO 78860 [Timer] /Users/tianya/Documents/kongyeah/dust/node_modules/egg-logrotator/app/schedule/rotate_by_file.js next time will execute after 46585605ms at 2019-11-13 00:00:01.000
2019-11-12 11:03:35,156 INFO 78871 [egg-schedule]: register schedule /Users/tianya/Documents/kongyeah/dust/node_modules/egg-multipart/app/schedule/clean_tmpdir.js
2019-11-12 11:03:35,156 INFO 78871 [egg-schedule]: register schedule /Users/tianya/Documents/kongyeah/dust/node_modules/egg-logrotator/app/schedule/clean_log.js
2019-11-12 11:03:35,156 INFO 78871 [egg-schedule]: register schedule /Users/tianya/Documents/kongyeah/dust/node_modules/egg-logrotator/app/schedule/rotate_by_file.js
2019-11-12 11:31:18,919 INFO 79673 [egg-schedule]: register schedule /Users/tianya/Documents/kongyeah/dust/node_modules/egg-multipart/app/schedule/clean_tmpdir.js
2019-11-12 11:31:18,919 INFO 79673 [egg-schedule]: register schedule /Users/tianya/Documents/kongyeah/dust/node_modules/egg-logrotator/app/schedule/clean_log.js
2019-11-12 11:31:18,919 INFO 79673 [egg-schedule]: register schedule /Users/tianya/Documents/kongyeah/dust/node_modules/egg-logrotator/app/schedule/rotate_by_file.js
2019-11-12 11:31:20,883 INFO 79672 [Timer] /Users/tianya/Documents/kongyeah/dust/node_modules/egg-multipart/app/schedule/clean_tmpdir.js next time will execute after 61119121ms at 2019-11-13 04:30:00.004
2019-11-12 11:31:20,884 INFO 79672 [Timer] /Users/tianya/Documents/kongyeah/dust/node_modules/egg-logrotator/app/schedule/clean_log.js next time will execute after 44919116ms at 2019-11-13 00:00:00.000
2019-11-12 11:31:20,884 INFO 79672 [Timer] /Users/tianya/Documents/kongyeah/dust/node_modules/egg-logrotator/app/schedule/rotate_by_file.js next time will execute after 44920116ms at 2019-11-13 00:00:01.000
2019-11-12 11:35:47,976 INFO 79862 [egg-schedule]: register schedule /Users/tianya/Documents/kongyeah/dust/node_modules/egg-multipart/app/schedule/clean_tmpdir.js
2019-11-12 11:35:47,976 INFO 79862 [egg-schedule]: register schedule /Users/tianya/Documents/kongyeah/dust/node_modules/egg-logrotator/app/schedule/clean_log.js
2019-11-12 11:35:47,976 INFO 79862 [egg-schedule]: register schedule /Users/tianya/Documents/kongyeah/dust/node_modules/egg-logrotator/app/schedule/rotate_by_file.js
2019-11-12 11:35:48,130 INFO 79861 [Timer] /Users/tianya/Documents/kongyeah/dust/node_modules/egg-multipart/app/schedule/clean_tmpdir.js next time will execute after 60851874ms at 2019-11-13 04:30:00.004
2019-11-12 11:35:48,130 INFO 79861 [Timer] /Users/tianya/Documents/kongyeah/dust/node_modules/egg-logrotator/app/schedule/clean_log.js next time will execute after 44651870ms at 2019-11-13 00:00:00.000
2019-11-12 11:35:48,131 INFO 79861 [Timer] /Users/tianya/Documents/kongyeah/dust/node_modules/egg-logrotator/app/schedule/rotate_by_file.js next time will execute after 44652870ms at 2019-11-13 00:00:01.001
2019-11-12 11:42:43,689 INFO 80203 [Timer] /Users/tianya/Documents/kongyeah/dust/node_modules/egg-multipart/app/schedule/clean_tmpdir.js next time will execute after 60436316ms at 2019-11-13 04:30:00.005
2019-11-12 11:42:43,690 INFO 80203 [Timer] /Users/tianya/Documents/kongyeah/dust/node_modules/egg-logrotator/app/schedule/clean_log.js next time will execute after 44236310ms at 2019-11-13 00:00:00.000
2019-11-12 11:42:43,691 INFO 80203 [Timer] /Users/tianya/Documents/kongyeah/dust/node_modules/egg-logrotator/app/schedule/rotate_by_file.js next time will execute after 44237310ms at 2019-11-13 00:00:01.001
2019-11-12 11:42:43,518 INFO 80207 [egg-schedule]: register schedule /Users/tianya/Documents/kongyeah/dust/node_modules/egg-multipart/app/schedule/clean_tmpdir.js
2019-11-12 11:42:43,518 INFO 80207 [egg-schedule]: register schedule /Users/tianya/Documents/kongyeah/dust/node_modules/egg-logrotator/app/schedule/clean_log.js
2019-11-12 11:42:43,518 INFO 80207 [egg-schedule]: register schedule /Users/tianya/Documents/kongyeah/dust/node_modules/egg-logrotator/app/schedule/rotate_by_file.js
2019-11-12 11:44:08,417 INFO 80310 [egg-schedule]: register schedule /Users/tianya/Documents/kongyeah/dust/node_modules/egg-multipart/app/schedule/clean_tmpdir.js
2019-11-12 11:44:08,417 INFO 80310 [egg-schedule]: register schedule /Users/tianya/Documents/kongyeah/dust/node_modules/egg-logrotator/app/schedule/clean_log.js
2019-11-12 11:44:08,417 INFO 80310 [egg-schedule]: register schedule /Users/tianya/Documents/kongyeah/dust/node_modules/egg-logrotator/app/schedule/rotate_by_file.js
2019-11-12 11:44:32,600 INFO 80347 [egg-schedule]: register schedule /Users/tianya/Documents/kongyeah/dust/node_modules/egg-multipart/app/schedule/clean_tmpdir.js
2019-11-12 11:44:32,600 INFO 80347 [egg-schedule]: register schedule /Users/tianya/Documents/kongyeah/dust/node_modules/egg-logrotator/app/schedule/clean_log.js
2019-11-12 11:44:32,600 INFO 80347 [egg-schedule]: register schedule /Users/tianya/Documents/kongyeah/dust/node_modules/egg-logrotator/app/schedule/rotate_by_file.js
2019-11-12 11:44:32,754 INFO 80346 [Timer] /Users/tianya/Documents/kongyeah/dust/node_modules/egg-multipart/app/schedule/clean_tmpdir.js next time will execute after 60327250ms at 2019-11-13 04:30:00.004
2019-11-12 11:44:32,754 INFO 80346 [Timer] /Users/tianya/Documents/kongyeah/dust/node_modules/egg-logrotator/app/schedule/clean_log.js next time will execute after 44127246ms at 2019-11-13 00:00:00.000
2019-11-12 11:44:32,755 INFO 80346 [Timer] /Users/tianya/Documents/kongyeah/dust/node_modules/egg-logrotator/app/schedule/rotate_by_file.js next time will execute after 44128246ms at 2019-11-13 00:00:01.001
2019-11-12 11:45:41,447 INFO 80412 [Timer] /Users/tianya/Documents/kongyeah/dust/node_modules/egg-multipart/app/schedule/clean_tmpdir.js next time will execute after 60258557ms at 2019-11-13 04:30:00.004
2019-11-12 11:45:41,448 INFO 80412 [Timer] /Users/tianya/Documents/kongyeah/dust/node_modules/egg-logrotator/app/schedule/clean_log.js next time will execute after 44058552ms at 2019-11-13 00:00:00.000
2019-11-12 11:45:41,448 INFO 80412 [Timer] /Users/tianya/Documents/kongyeah/dust/node_modules/egg-logrotator/app/schedule/rotate_by_file.js next time will execute after 44059552ms at 2019-11-13 00:00:01.000
2019-11-12 11:45:41,297 INFO 80413 [egg-schedule]: register schedule /Users/tianya/Documents/kongyeah/dust/node_modules/egg-multipart/app/schedule/clean_tmpdir.js
2019-11-12 11:45:41,298 INFO 80413 [egg-schedule]: register schedule /Users/tianya/Documents/kongyeah/dust/node_modules/egg-logrotator/app/schedule/clean_log.js
2019-11-12 11:45:41,298 INFO 80413 [egg-schedule]: register schedule /Users/tianya/Documents/kongyeah/dust/node_modules/egg-logrotator/app/schedule/rotate_by_file.js
